<?xml version="1.0" encoding="UTF-8"?>
<testng-results ignored="0" total="1" passed="1" failed="0" skipped="0">
  <reporter-output>
  </reporter-output>
  <suite started-at="2020-12-19T17:09:42 ICT" name="Test Suite" finished-at="2020-12-19T17:10:06 ICT" duration-ms="23270">
    <groups>
    </groups>
    <test started-at="2020-12-19T17:09:42 ICT" name="Example Test on Firefox" finished-at="2020-12-19T17:10:06 ICT" duration-ms="23270">
      <class name="com.vinh.tests.SampleTest">
        <test-method is-config="true" signature="beforeTest(java.lang.String, java.lang.String)[pri:0, instance:com.vinh.tests.SampleTest@57d5872c]" started-at="2020-12-19T17:09:42 ICT" name="beforeTest" finished-at="2020-12-19T17:09:57 ICT" duration-ms="14582" status="PASS">
          <params>
            <param index="0">
              <value>
                <![CDATA[local]]>
              </value>
            </param>
            <param index="1">
              <value>
                <![CDATA[firefox]]>
              </value>
            </param>
          </params>
          <reporter-output>
          </reporter-output>
        </test-method> <!-- beforeTest -->
        <test-method signature="sample()[pri:0, instance:com.vinh.tests.SampleTest@57d5872c]" started-at="2020-12-19T17:09:57 ICT" name="sample" finished-at="2020-12-19T17:10:03 ICT" duration-ms="5873" status="PASS">
          <reporter-output>
          </reporter-output>
        </test-method> <!-- sample -->
        <test-method is-config="true" signature="afterTest()[pri:0, instance:com.vinh.tests.SampleTest@57d5872c]" started-at="2020-12-19T17:10:03 ICT" name="afterTest" finished-at="2020-12-19T17:10:06 ICT" duration-ms="2795" status="PASS">
          <reporter-output>
          </reporter-output>
        </test-method> <!-- afterTest -->
      </class> <!-- com.vinh.tests.SampleTest -->
    </test> <!-- Example Test on Firefox -->
  </suite> <!-- Test Suite -->
</testng-results>
